{"target": 1.1967049914771113, "params": {"x1": 0.417022004702574, "x2": 0.7203244934421581, "x3": 0.00011437481734488664, "x4": 0.30233257263183977, "x5": 0.14675589081711304, "x6": 0.0923385947687978}, "datetime": {"datetime": "2020-01-24 14:29:16", "elapsed": 0.0, "delta": 0.0}}
{"target": 0.3609946718107663, "params": {"x1": 1.0, "x2": 0.0, "x3": 1.0, "x4": 1.0, "x5": 1.0, "x6": 1.0}, "datetime": {"datetime": "2020-01-24 14:29:30", "elapsed": 13.536286, "delta": 13.536286}}
{"target": -0.19335436239236137, "params": {"x1": 0.09111903834536139, "x2": 0.9452744490157037, "x3": 0.0850562972666572, "x4": 0.013754219623929531, "x5": 0.17712937792975092, "x6": 0.1519501659668766}, "datetime": {"datetime": "2020-01-24 14:29:32", "elapsed": 16.226697, "delta": 2.690411}}
{"target": 0.10552521992602967, "params": {"x1": 0.9265911663597403, "x2": 0.0891178475673946, "x3": 0.9028794959100849, "x4": 0.9813595697005848, "x5": 0.9450813491107914, "x6": 0.8479880896593719}, "datetime": {"datetime": "2020-01-24 14:29:35", "elapsed": 18.951432, "delta": 2.724735}}
{"target": 0.09439722181237441, "params": {"x1": 0.03654680179046388, "x2": 0.8882567006191138, "x3": 0.192267691194406, "x4": 0.08054213877752625, "x5": 0.11113185409535575, "x6": 0.008081246468621295}, "datetime": {"datetime": "2020-01-24 14:29:38", "elapsed": 22.138869, "delta": 3.187437}}
{"target": -0.06680457410401235, "params": {"x1": 0.9600487058168227, "x2": 0.9539367380958692, "x3": 0.08384107727202417, "x4": 0.9172062513284234, "x5": 0.9994168401549279, "x6": 0.988585454658277}, "datetime": {"datetime": "2020-01-24 14:29:41", "elapsed": 24.7112, "delta": 2.572331}}
{"target": -0.34980313532033286, "params": {"x1": 0.2715608232626344, "x2": 0.026258458638371396, "x3": 0.9103029931067721, "x4": 0.047185293567929, "x5": 0.0038277014337684268, "x6": 0.04205887077520598}, "datetime": {"datetime": "2020-01-24 14:29:44", "elapsed": 28.011286, "delta": 3.300086}}
{"target": 0.06640764617046382, "params": {"x1": 0.009446271171166365, "x2": 0.5488873688715711, "x3": 0.013509239143781882, "x4": 0.9779503733343806, "x5": 0.04672266459516872, "x6": 0.9960391254663542}, "datetime": {"datetime": "2020-01-24 14:29:47", "elapsed": 30.980188, "delta": 2.968902}}
{"target": -0.13709032115973216, "params": {"x1": 0.9890732910218868, "x2": 0.01216743543754506, "x3": 0.9845967995600546, "x4": 0.8375328262686106, "x5": 0.9053178061392589, "x6": 0.9966543886701442}, "datetime": {"datetime": "2020-01-24 14:29:50", "elapsed": 33.771647, "delta": 2.791459}}
{"target": 0.3161744903287748, "params": {"x1": 0.00618394362650454, "x2": 0.9690545755896681, "x3": 0.012210960359814504, "x4": 0.049233648586944234, "x5": 0.9718788839105463, "x6": 0.7991806768155335}, "datetime": {"datetime": "2020-01-24 14:29:53", "elapsed": 36.600758, "delta": 2.829111}}
{"target": 0.10548869332022152, "params": {"x1": 0.9605398811536345, "x2": 0.0006856998562513317, "x3": 0.8713158919701255, "x4": 0.09485587330822887, "x5": 0.103397793808369, "x6": 0.027464341587479346}, "datetime": {"datetime": "2020-01-24 14:29:56", "elapsed": 39.675851, "delta": 3.075093}}
{"target": 0.3093581544390486, "params": {"x1": 0.18554216416688973, "x2": 0.9827522192642806, "x3": 0.9498609471071249, "x4": 0.9944915542038838, "x5": 0.9244434263724117, "x6": 0.08152230962701834}, "datetime": {"datetime": "2020-01-24 14:29:59", "elapsed": 42.670321, "delta": 2.99447}}
{"target": 0.003323993806003237, "params": {"x1": 0.9022188641924623, "x2": 0.9951622643859379, "x3": 0.008691633069489946, "x4": 0.9355834609642691, "x5": 0.02248615842029944, "x6": 0.918475812737124}, "datetime": {"datetime": "2020-01-24 14:30:02", "elapsed": 45.627292, "delta": 2.956971}}
{"target": -0.3429354449731604, "params": {"x1": 0.9513676526867454, "x2": 0.019434492592269148, "x3": 0.03628942460090956, "x4": 0.10432924149708744, "x5": 0.92679098041971, "x6": 0.01683703320937957}, "datetime": {"datetime": "2020-01-24 14:30:05", "elapsed": 48.654861, "delta": 3.027569}}
{"target": 0.27143018003645153, "params": {"x1": 0.010624916857297606, "x2": 0.9561367185838067, "x3": 0.9546237723048767, "x4": 0.979201303675829, "x5": 0.9945800719216052, "x6": 0.07232575524785512}, "datetime": {"datetime": "2020-01-24 14:30:08", "elapsed": 51.549538, "delta": 2.894677}}
{"target": -0.11341315484308098, "params": {"x1": 0.030988526718066955, "x2": 0.04704821017355043, "x3": 0.9177094706342881, "x4": 0.0019151154735873588, "x5": 0.166955581982712, "x6": 0.008758616059029944}, "datetime": {"datetime": "2020-01-24 14:30:11", "elapsed": 54.469979, "delta": 2.920441}}
{"target": -0.21325892739980754, "params": {"x1": 0.9498909830577792, "x2": 0.9697077059480501, "x3": 0.025336321588588118, "x4": 0.9474535289048962, "x5": 0.029287776458707393, "x6": 0.0877117480248979}, "datetime": {"datetime": "2020-01-24 14:30:14", "elapsed": 57.317298, "delta": 2.847319}}
{"target": -0.05135628339557308, "params": {"x1": 0.07234841700800065, "x2": 0.08028477630966446, "x3": 0.9461205271932978, "x4": 0.01619842938390026, "x5": 0.9668605970436656, "x6": 0.8890645811913468}, "datetime": {"datetime": "2020-01-24 14:30:16", "elapsed": 60.263483, "delta": 2.946185}}
{"target": 0.05944513883589189, "params": {"x1": 0.08828582750237057, "x2": 0.03171695745733738, "x3": 0.07570505701837227, "x4": 0.040588939871448515, "x5": 0.11431399002757725, "x6": 0.9914187745674541}, "datetime": {"datetime": "2020-01-24 14:30:19", "elapsed": 63.206896, "delta": 2.943413}}
{"target": 0.3171177361112145, "params": {"x1": 0.023080279646138457, "x2": 0.9935382243571519, "x3": 0.8568808354556309, "x4": 0.9542599923636194, "x5": 0.9414654111811893, "x6": 0.9959856200071809}, "datetime": {"datetime": "2020-01-24 14:30:23", "elapsed": 66.330062, "delta": 3.123166}}
{"target": 0.31952096847802325, "params": {"x1": 0.020931309605930926, "x2": 0.974777358179634, "x3": 0.03532132112901032, "x4": 0.054503713807977694, "x5": 0.015165080156728683, "x6": 0.04405869470709789}, "datetime": {"datetime": "2020-01-24 14:30:26", "elapsed": 69.344255, "delta": 3.014193}}
{"target": -0.15208854318014595, "params": {"x1": 0.9795400957407391, "x2": 0.9561469811026744, "x3": 0.006407899516324478, "x4": 0.9726370109984878, "x5": 0.015092972922854275, "x6": 0.028406573827449266}, "datetime": {"datetime": "2020-01-24 14:30:29", "elapsed": 72.291894, "delta": 2.947639}}
{"target": 0.12514286798670002, "params": {"x1": 0.04292917935607554, "x2": 0.11336012140542351, "x3": 0.9400826626543642, "x4": 0.043939333390731417, "x5": 0.9159688859190446, "x6": 0.9809296134344716}, "datetime": {"datetime": "2020-01-24 14:30:32", "elapsed": 75.366298, "delta": 3.074404}}
{"target": 0.14190365946068623, "params": {"x1": 0.054785133498413185, "x2": 0.11187351613295737, "x3": 0.9546863085361947, "x4": 0.9853174329355151, "x5": 0.9786216654637495, "x6": 0.016783234865060503}, "datetime": {"datetime": "2020-01-24 14:30:35", "elapsed": 78.743871, "delta": 3.377573}}
{"target": -0.26364558370612706, "params": {"x1": 0.9351656481364354, "x2": 0.053082754097752316, "x3": 0.9541416763611201, "x4": 0.09207214584113887, "x5": 0.9865339732925257, "x6": 0.9708564502020954}, "datetime": {"datetime": "2020-01-24 14:30:38", "elapsed": 81.99081, "delta": 3.246939}}
{"target": 0.22434233546083776, "params": {"x1": 0.8921623295227313, "x2": 0.9308805633582258, "x3": 0.14440812915215062, "x4": 0.9904544479058883, "x5": 0.019540129354422398, "x6": 0.9937796606099458}, "datetime": {"datetime": "2020-01-24 14:30:41", "elapsed": 85.220445, "delta": 3.229635}}
{"target": 0.08400564755418344, "params": {"x1": 0.9544302927100413, "x2": 0.02359375995431967, "x3": 0.05346188547066966, "x4": 0.02090655613633363, "x5": 0.052579523255244176, "x6": 0.9865053460188088}, "datetime": {"datetime": "2020-01-24 14:30:45", "elapsed": 88.691907, "delta": 3.471462}}
{"target": 0.251222770171433, "params": {"x1": 0.9518631508695997, "x2": 0.9961691897013918, "x3": 0.07987217015282755, "x4": 0.994121654829618, "x5": 0.9520700249741809, "x6": 0.8778705209341374}, "datetime": {"datetime": "2020-01-24 14:30:48", "elapsed": 91.89557, "delta": 3.203663}}
{"target": 0.17998822826094496, "params": {"x1": 0.0002822510643518683, "x2": 0.1266676144590292, "x3": 0.9844701237453376, "x4": 0.008946624095567901, "x5": 0.10794657787292672, "x6": 0.020530261322468824}, "datetime": {"datetime": "2020-01-24 14:30:51", "elapsed": 95.226732, "delta": 3.331162}}
{"target": 0.2345947494262953, "params": {"x1": 0.09878182389962642, "x2": 0.9999470422233627, "x3": 0.9970253747046696, "x4": 0.9163978624210618, "x5": 0.10668752012615512, "x6": 0.007890612923650564}, "datetime": {"datetime": "2020-01-24 14:30:55", "elapsed": 98.482857, "delta": 3.256125}}
{"target": 0.03758007287761175, "params": {"x1": 0.8461295665357252, "x2": 0.9993476899836938, "x3": 0.0024612567601822732, "x4": 0.9834714393628501, "x5": 0.9845529364203087, "x6": 0.02854973819708273}, "datetime": {"datetime": "2020-01-24 14:30:58", "elapsed": 101.711667, "delta": 3.22881}}
{"target": -0.003453955986179813, "params": {"x1": 0.9439361800916738, "x2": 0.02526476583620818, "x3": 0.9532709082010946, "x4": 0.9806969331789293, "x5": 0.07578263495144166, "x6": 0.9844353153144423}, "datetime": {"datetime": "2020-01-24 14:31:01", "elapsed": 105.282051, "delta": 3.570384}}
{"target": 0.11322812274739479, "params": {"x1": 0.03612799670173994, "x2": 0.9934411475988862, "x3": 0.24048889292743947, "x4": 0.9839938918309595, "x5": 0.9773008500819932, "x6": 0.9946192972656909}, "datetime": {"datetime": "2020-01-24 14:31:05", "elapsed": 108.948269, "delta": 3.666218}}
{"target": -0.19935683090257966, "params": {"x1": 0.045496628988149546, "x2": 0.0035303892329610065, "x3": 0.6180727949382085, "x4": 0.003606828683883845, "x5": 0.0023640067387603603, "x6": 0.04411241252031506}, "datetime": {"datetime": "2020-01-24 14:31:08", "elapsed": 112.228975, "delta": 3.280706}}
{"target": -0.09492739734780235, "params": {"x1": 0.9383001088480907, "x2": 0.9200266111544059, "x3": 0.055076061293999334, "x4": 0.9847493376233676, "x5": 0.9820826758118189, "x6": 0.8946623030302286}, "datetime": {"datetime": "2020-01-24 14:31:12", "elapsed": 115.782777, "delta": 3.553802}}
{"target": 0.2581708571314616, "params": {"x1": 0.9513809200087281, "x2": 0.14260746043998485, "x3": 0.9688784795468423, "x4": 0.03227588137242243, "x5": 0.019841157625544503, "x6": 0.9733633679229567}, "datetime": {"datetime": "2020-01-24 14:31:16", "elapsed": 119.303616, "delta": 3.520839}}
{"target": 0.3788763330598543, "params": {"x1": 0.9793687349878841, "x2": 0.0022946715636891213, "x3": 0.9967434039403661, "x4": 0.08925531821352861, "x5": 0.04982514972729013, "x6": 0.9225490969758319}, "datetime": {"datetime": "2020-01-24 14:31:19", "elapsed": 122.469238, "delta": 3.165622}}
{"target": -0.014330236864094625, "params": {"x1": 0.01593531151650973, "x2": 0.9727212217829518, "x3": 0.015062302732944954, "x4": 0.2698269597095523, "x5": 0.9809895780485733, "x6": 0.04113681793084345}, "datetime": {"datetime": "2020-01-24 14:31:22", "elapsed": 125.68211, "delta": 3.212872}}
{"target": 0.01159169595292039, "params": {"x1": 0.03497594333538645, "x2": 0.03388290282931172, "x3": 0.0431121663342654, "x4": 0.14158572548399317, "x5": 0.009109497698587155, "x6": 0.002763797923276745}, "datetime": {"datetime": "2020-01-24 14:31:25", "elapsed": 128.960087, "delta": 3.277977}}
{"target": -0.10074654141424122, "params": {"x1": 0.021740012405637943, "x2": 0.9709360727279386, "x3": 0.024602148524694112, "x4": 0.9999963947855334, "x5": 0.06674496926263462, "x6": 0.9515161045190588}, "datetime": {"datetime": "2020-01-24 14:31:29", "elapsed": 132.389969, "delta": 3.429882}}
{"target": -0.5724562679622985, "params": {"x1": 0.23268270139605896, "x2": 0.9870119042959872, "x3": 0.9576836404597038, "x4": 0.012773667597405836, "x5": 0.01004113776224047, "x6": 0.05822095499146229}, "datetime": {"datetime": "2020-01-24 14:31:32", "elapsed": 135.545415, "delta": 3.155446}}
{"target": 0.0002905847357336693, "params": {"x1": 0.13599177128362416, "x2": 0.9949553625576809, "x3": 0.9238601082817927, "x4": 0.00688571174692687, "x5": 0.9792020267962392, "x6": 0.966706685055492}, "datetime": {"datetime": "2020-01-24 14:31:35", "elapsed": 138.978267, "delta": 3.432852}}
{"target": -0.15832189949269637, "params": {"x1": 0.042154406449661175, "x2": 0.06723520561092378, "x3": 0.8524839456290874, "x4": 0.0040195496775699, "x5": 0.9974069009111256, "x6": 0.027572602395045887}, "datetime": {"datetime": "2020-01-24 14:31:38", "elapsed": 142.108216, "delta": 3.129949}}
{"target": -0.2776044041148427, "params": {"x1": 0.9584042172126344, "x2": 0.18477919116545904, "x3": 0.02023403351416231, "x4": 0.9283435631900454, "x5": 0.9357543739843436, "x6": 0.012316767729740885}, "datetime": {"datetime": "2020-01-24 14:31:42", "elapsed": 145.351684, "delta": 3.243468}}
{"target": 0.06247421763235299, "params": {"x1": 0.9827767200996708, "x2": 0.9410843186375777, "x3": 0.07662277099770931, "x4": 0.9887936489183693, "x5": 0.9615607864407265, "x6": 0.9690295193933717}, "datetime": {"datetime": "2020-01-24 14:31:45", "elapsed": 148.851764, "delta": 3.50008}}
{"target": 0.16609212515088487, "params": {"x1": 0.991351533373763, "x2": 0.6811641680806533, "x3": 0.9968600615976162, "x4": 0.9406496997247652, "x5": 0.9856311488979727, "x6": 0.9929462429964239}, "datetime": {"datetime": "2020-01-24 14:31:49", "elapsed": 152.841003, "delta": 3.989239}}
{"target": 0.16277336355755898, "params": {"x1": 0.9397708534960291, "x2": 0.0127391012207283, "x3": 0.043118284953038266, "x4": 0.015348663623606651, "x5": 0.005389918883051292, "x6": 0.7904209824735638}, "datetime": {"datetime": "2020-01-24 14:31:54", "elapsed": 157.913015, "delta": 5.072012}}
