{"target": 1.4055266634501282, "params": {"x": 2.440675196366236}, "datetime": {"datetime": "2020-01-24 14:09:44", "elapsed": 0.0, "delta": 0.0}}
{"target": 13.390923803711456, "params": {"x": 14.586251904133228}, "datetime": {"datetime": "2020-01-24 14:09:45", "elapsed": 0.792714, "delta": 0.792714}}
{"target": -3.20800003327816, "params": {"x": 25.0}, "datetime": {"datetime": "2020-01-24 14:09:47", "elapsed": 3.217633, "delta": 2.424919}}
{"target": -3.526214348534241, "params": {"x": -25.0}, "datetime": {"datetime": "2020-01-24 14:09:48", "elapsed": 4.283709, "delta": 1.066076}}
{"target": -7.795044600439577, "params": {"x": -11.83788232079074}, "datetime": {"datetime": "2020-01-24 14:09:49", "elapsed": 5.44915, "delta": 1.165441}}
{"target": 13.052783716576267, "params": {"x": 14.587324671202866}, "datetime": {"datetime": "2020-01-24 14:09:51", "elapsed": 6.679489, "delta": 1.230339}}
{"target": -10.833696298661089, "params": {"x": 11.0931396484375}, "datetime": {"datetime": "2020-01-24 14:09:52", "elapsed": 7.904633, "delta": 1.225144}}
{"target": 12.99312257173285, "params": {"x": 13.890340738645406}, "datetime": {"datetime": "2020-01-24 14:09:53", "elapsed": 9.17649, "delta": 1.271857}}
{"target": -1.6631156950585928, "params": {"x": -3.6519195683198205}, "datetime": {"datetime": "2020-01-24 14:09:54", "elapsed": 10.461468, "delta": 1.284978}}
{"target": 1.7002727666467585, "params": {"x": 18.94856521816285}, "datetime": {"datetime": "2020-01-24 14:09:56", "elapsed": 11.709252, "delta": 1.247784}}
{"target": -2.2975508214265457, "params": {"x": -18.705238079171814}, "datetime": {"datetime": "2020-01-24 14:09:57", "elapsed": 12.933203, "delta": 1.223951}}
{"target": -3.3156816104541345, "params": {"x": 15.904556119556727}, "datetime": {"datetime": "2020-01-24 14:09:58", "elapsed": 14.247291, "delta": 1.314088}}
{"target": -1.6319407673925879, "params": {"x": 5.9481245861675225}, "datetime": {"datetime": "2020-01-24 14:09:59", "elapsed": 15.447926, "delta": 1.200635}}
{"target": 7.215957242560403, "params": {"x": -7.47540512033069}, "datetime": {"datetime": "2020-01-24 14:10:01", "elapsed": 16.824576, "delta": 1.37665}}
{"target": 6.893800629565512, "params": {"x": 21.653665073994908}, "datetime": {"datetime": "2020-01-24 14:10:02", "elapsed": 18.118859, "delta": 1.294283}}
{"target": 4.664622532152737, "params": {"x": -21.79072069407924}, "datetime": {"datetime": "2020-01-24 14:10:03", "elapsed": 19.482996, "delta": 1.364137}}
{"target": 0.33376726744584884, "params": {"x": -0.4334923206607566}, "datetime": {"datetime": "2020-01-24 14:10:05", "elapsed": 20.867217, "delta": 1.384221}}
{"target": 4.74656733230586, "params": {"x": -15.407629870943163}, "datetime": {"datetime": "2020-01-24 14:10:06", "elapsed": 22.238628, "delta": 1.371411}}
{"target": -1.9240923082468078, "params": {"x": -5.934983370039256}, "datetime": {"datetime": "2020-01-24 14:10:08", "elapsed": 23.650185, "delta": 1.411557}}
{"target": 3.138704326293017, "params": {"x": -9.090369529829033}, "datetime": {"datetime": "2020-01-24 14:10:09", "elapsed": 25.124246, "delta": 1.474061}}
{"target": 12.135501621802547, "params": {"x": 13.69257049334014}, "datetime": {"datetime": "2020-01-24 14:10:10", "elapsed": 26.514106, "delta": 1.38986}}
{"target": 20.65747295919305, "params": {"x": 20.465409370584837}, "datetime": {"datetime": "2020-01-24 14:10:12", "elapsed": 28.053351, "delta": 1.539245}}
{"target": 15.927171324263686, "params": {"x": 8.199923916181934}, "datetime": {"datetime": "2020-01-24 14:10:13", "elapsed": 29.486594, "delta": 1.433243}}
{"target": -15.525413124076447, "params": {"x": -16.885153919888165}, "datetime": {"datetime": "2020-01-24 14:10:15", "elapsed": 30.986885, "delta": 1.500291}}
{"target": 13.804128545169526, "params": {"x": -13.939154754915773}, "datetime": {"datetime": "2020-01-24 14:10:16", "elapsed": 32.529857, "delta": 1.542972}}
{"target": 19.921793302593112, "params": {"x": -20.346430198770122}, "datetime": {"datetime": "2020-01-24 14:10:18", "elapsed": 34.079278, "delta": 1.549421}}
{"target": 5.843063099212735, "params": {"x": 9.08203125}, "datetime": {"datetime": "2020-01-24 14:10:19", "elapsed": 35.578073, "delta": 1.498795}}
{"target": 20.241892301859995, "params": {"x": 20.25949274642431}, "datetime": {"datetime": "2020-01-24 14:10:21", "elapsed": 37.10192, "delta": 1.523847}}
{"target": 6.9617056597516385, "params": {"x": 7.432366122354306}, "datetime": {"datetime": "2020-01-24 14:10:23", "elapsed": 38.721979, "delta": 1.620059}}
{"target": -3.279273745300416, "params": {"x": 4.0570741230681}, "datetime": {"datetime": "2020-01-24 14:10:24", "elapsed": 40.322632, "delta": 1.600653}}
{"target": 20.414266464157237, "params": {"x": -20.54545813391039}, "datetime": {"datetime": "2020-01-24 14:10:26", "elapsed": 42.005861, "delta": 1.683229}}
{"target": 18.498094261329676, "params": {"x": -20.07319269842344}, "datetime": {"datetime": "2020-01-24 14:10:28", "elapsed": 43.72921, "delta": 1.723349}}
{"target": 1.9116210826045124, "params": {"x": -2.0140723731110834}, "datetime": {"datetime": "2020-01-24 14:10:29", "elapsed": 45.433331, "delta": 1.704121}}
{"target": 20.552063742479742, "params": {"x": 20.56567599261142}, "datetime": {"datetime": "2020-01-24 14:10:31", "elapsed": 47.093221, "delta": 1.65989}}
{"target": 19.846446344392607, "params": {"x": 20.180404169951537}, "datetime": {"datetime": "2020-01-24 14:10:33", "elapsed": 48.809131, "delta": 1.71591}}
{"target": 20.195252093194526, "params": {"x": -20.66470958357888}, "datetime": {"datetime": "2020-01-24 14:10:34", "elapsed": 50.519981, "delta": 1.71085}}
{"target": 19.982348755736407, "params": {"x": 20.638562358428704}, "datetime": {"datetime": "2020-01-24 14:10:36", "elapsed": 52.231247, "delta": 1.711266}}
{"target": -23.246062352072965, "params": {"x": 23.40087890625}, "datetime": {"datetime": "2020-01-24 14:10:38", "elapsed": 54.064399, "delta": 1.833152}}
{"target": 1.090307231284401, "params": {"x": 1.0498046875}, "datetime": {"datetime": "2020-01-24 14:10:40", "elapsed": 55.808264, "delta": 1.743865}}
{"target": 20.216921507970845, "params": {"x": 20.684814453125}, "datetime": {"datetime": "2020-01-24 14:10:41", "elapsed": 57.623066, "delta": 1.814802}}
{"target": 20.174903971673942, "params": {"x": -20.654296875}, "datetime": {"datetime": "2020-01-24 14:10:43", "elapsed": 59.473897, "delta": 1.850831}}
{"target": 19.70472758023517, "params": {"x": -20.184326171875}, "datetime": {"datetime": "2020-01-24 14:10:45", "elapsed": 61.498085, "delta": 2.024188}}
{"target": 20.118019859127614, "params": {"x": 20.1995849609375}, "datetime": {"datetime": "2020-01-24 14:10:47", "elapsed": 63.363058, "delta": 1.864973}}
{"target": 20.24961438790278, "params": {"x": 20.672607421875}, "datetime": {"datetime": "2020-01-24 14:10:49", "elapsed": 65.28148, "delta": 1.918422}}
{"target": -23.45257780299532, "params": {"x": -23.49853515625}, "datetime": {"datetime": "2020-01-24 14:10:51", "elapsed": 67.247091, "delta": 1.965611}}
{"target": 19.67073540642656, "params": {"x": -20.74673759241842}, "datetime": {"datetime": "2020-01-24 14:10:54", "elapsed": 69.902357, "delta": 2.655266}}
{"target": 19.47377491405614, "params": {"x": 20.172119140625}, "datetime": {"datetime": "2020-01-24 14:10:57", "elapsed": 72.666985, "delta": 2.764628}}
