{"target": 12.87934987270236, "params": {"x1": 0.43599490214200376, "x2": 0.025926231827891333, "x3": 0.5496624778787091, "x4": 0.4353223926182769, "x5": 0.42036780208748903, "x6": 0.3303348210038741}, "datetime": {"datetime": "2020-01-24 12:32:02", "elapsed": 0.0, "delta": 0.0}}
{"target": -10.637637479490339, "params": {"x1": 0.2046486340378425, "x2": 0.6192709663506637, "x3": 0.29965467367452314, "x4": 0.26682727510286663, "x5": 0.6211338327692949, "x6": 0.5291420942770391}, "datetime": {"datetime": "2020-01-24 12:32:02", "elapsed": 0.002003, "delta": 0.002003}}
{"target": 10.315475642356187, "params": {"x1": 0.13457994534493356, "x2": 0.5135781212657464, "x3": 0.18443986564691528, "x4": 0.7853351478166735, "x5": 0.8539752926394888, "x6": 0.4942368373819278}, "datetime": {"datetime": "2020-01-24 12:32:02", "elapsed": 0.054362, "delta": 0.052359}}
{"target": 0.21232232328918835, "params": {"x1": 0.846561485357468, "x2": 0.079645477009061, "x3": 0.505246090121704, "x4": 0.06528650438687811, "x5": 0.42812232759738944, "x6": 0.09653091566061256}, "datetime": {"datetime": "2020-01-24 12:32:02", "elapsed": 0.055251, "delta": 0.000889}}
{"target": -9.829720320651976, "params": {"x1": 0.12715997170127746, "x2": 0.5967453089785958, "x3": 0.22601200060423587, "x4": 0.10694568430998297, "x5": 0.2203062070705597, "x6": 0.34982628500329926}, "datetime": {"datetime": "2020-01-24 12:32:02", "elapsed": 0.060854, "delta": 0.005603}}
