{"target": 0.8414709848078965, "params": {"a": 1.8778024157450641, "c0": 0.7612497166748563, "c1": 0.24693797316632704, "x": 1.0}, "datetime": {"datetime": "2020-01-20 11:20:16", "elapsed": 0.0, "delta": 0.0}}
{"target": -2.8348071390822773, "params": {"a": 9.999431034147147, "c0": 0.370933095911236, "c1": 0.715488800046036, "x": 4.0}, "datetime": {"datetime": "2020-01-20 11:20:17", "elapsed": 0.519881, "delta": 0.519881}}
{"target": 0.8414709848078965, "params": {"a": 1.9091396872006483, "c0": 0.8564468688120865, "c1": 0.1711001552237571, "x": 1.0}, "datetime": {"datetime": "2020-01-20 11:20:17", "elapsed": 0.810232, "delta": 0.290351}}
{"target": -2.8348071390822773, "params": {"a": 1.0, "c0": 0.09370580041310905, "c1": 0.3661396087127372, "x": 4.0}, "datetime": {"datetime": "2020-01-20 11:20:18", "elapsed": 2.005947, "delta": 1.195715}}
{"target": 0.8414709848078965, "params": {"a": 4.675290497125266, "c0": 0.11493904631141671, "c1": 0.09141166329218875, "x": 1.0}, "datetime": {"datetime": "2020-01-20 11:20:19", "elapsed": 2.573133, "delta": 0.567186}}
{"target": 0.8414709848078965, "params": {"a": 4.082678542557159, "c0": 0.45160714880160324, "c1": 0.6734543020595293, "x": 1.0}, "datetime": {"datetime": "2020-01-20 11:20:19", "elapsed": 3.239738, "delta": 0.666605}}
{"target": 0.8414709848078965, "params": {"a": 5.981401514015979, "c0": 0.03451436875928793, "c1": 0.592250052501918, "x": 1.0}, "datetime": {"datetime": "2020-01-20 11:20:20", "elapsed": 4.23152, "delta": 0.991782}}
{"target": 0.8414709848078965, "params": {"a": 6.740000466673903, "c0": 0.44811441490051385, "c1": 0.17872504295996472, "x": 1.0}, "datetime": {"datetime": "2020-01-20 11:20:21", "elapsed": 4.984132, "delta": 0.752612}}
{"target": 0.8414709848078965, "params": {"a": 1.443716668955359, "c0": 0.8565817459850278, "c1": 0.8870716739331328, "x": 1.0}, "datetime": {"datetime": "2020-01-20 11:20:22", "elapsed": 5.628917, "delta": 0.644785}}
{"target": 0.8414709848078965, "params": {"a": 5.832918116367459, "c0": 0.26364297696174543, "c1": 0.20976897947589968, "x": 1.0}, "datetime": {"datetime": "2020-01-20 11:20:22", "elapsed": 6.19214, "delta": 0.563223}}
{"target": 0.8414709848078965, "params": {"a": 9.97868891481865, "c0": 0.7594034360358384, "c1": 0.5136984331616502, "x": 1.0}, "datetime": {"datetime": "2020-01-20 11:20:23", "elapsed": 6.635029, "delta": 0.442889}}
{"target": 0.8414709848078965, "params": {"a": 8.893637644714243, "c0": 0.033619694442323156, "c1": 0.8411455812586347, "x": 1.0}, "datetime": {"datetime": "2020-01-20 11:20:24", "elapsed": 7.335682, "delta": 0.700653}}
{"target": 0.8414709848078965, "params": {"a": 8.712142320961807, "c0": 0.9869439331753427, "c1": 0.47045356679786166, "x": 1.0}, "datetime": {"datetime": "2020-01-20 11:20:24", "elapsed": 8.184762, "delta": 0.84908}}
{"target": 0.8414709848078965, "params": {"a": 9.983145614567709, "c0": 0.45501938364348915, "c1": 0.48138071468801236, "x": 1.0}, "datetime": {"datetime": "2020-01-20 11:20:25", "elapsed": 8.587424, "delta": 0.402662}}
{"target": 0.8414709848078965, "params": {"a": 1.0010794678265837, "c0": 0.8369092752920531, "c1": 0.42347729867936434, "x": 1.0}, "datetime": {"datetime": "2020-01-20 11:20:25", "elapsed": 8.910349, "delta": 0.322925}}
{"target": 0.8414709848078965, "params": {"a": 2.671447853367849, "c0": 0.5965586665402975, "c1": 0.7546939075237494, "x": 1.0}, "datetime": {"datetime": "2020-01-20 11:20:25", "elapsed": 9.236908, "delta": 0.326559}}
{"target": 0.8414709848078965, "params": {"a": 7.445046674896046, "c0": 0.10777071876119315, "c1": 0.32946499492759473, "x": 1.0}, "datetime": {"datetime": "2020-01-20 11:20:26", "elapsed": 9.558425, "delta": 0.321517}}
{"target": 0.8414709848078965, "params": {"a": 3.274964937328101, "c0": 0.5897480903956726, "c1": 0.14909415369974466, "x": 1.0}, "datetime": {"datetime": "2020-01-20 11:20:26", "elapsed": 9.930168, "delta": 0.371743}}
{"target": 0.8414709848078965, "params": {"a": 1.0009493488612682, "c0": 0.11259049330707305, "c1": 0.31822065959524504, "x": 1.0}, "datetime": {"datetime": "2020-01-20 11:20:27", "elapsed": 10.276975, "delta": 0.346807}}
{"target": 0.8414709848078965, "params": {"a": 7.7816342400086285, "c0": 0.8353376644439247, "c1": 0.22777567930987852, "x": 1.0}, "datetime": {"datetime": "2020-01-20 11:20:27", "elapsed": 10.65621, "delta": 0.379235}}
{"target": 0.8414709848078965, "params": {"a": 5.034860233455973, "c0": 0.08411621033110905, "c1": 0.08877941274725054, "x": 1.0}, "datetime": {"datetime": "2020-01-20 11:20:27", "elapsed": 11.011061, "delta": 0.354851}}
{"target": 1.8185948536513648, "params": {"a": 5.500387764906926, "c0": 0.5520783454396874, "c1": 0.2723994033008933, "x": 2.0}, "datetime": {"datetime": "2020-01-20 11:20:28", "elapsed": 11.403753, "delta": 0.392692}}
{"target": 0.42336094955908804, "params": {"a": 5.501816798291433, "c0": 0.7686474498602629, "c1": 0.40430853486875407, "x": 3.0}, "datetime": {"datetime": "2020-01-20 11:20:29", "elapsed": 12.39514, "delta": 0.991387}}
{"target": 1.8185948536513648, "params": {"a": 4.812147984588271, "c0": 0.5856394860304641, "c1": 0.2133067404545239, "x": 2.0}, "datetime": {"datetime": "2020-01-20 11:20:29", "elapsed": 13.006865, "delta": 0.611725}}
{"target": 1.8185948536513648, "params": {"a": 5.131793295956477, "c0": 0.10938296351807786, "c1": 0.7012624652756326, "x": 2.0}, "datetime": {"datetime": "2020-01-20 11:20:30", "elapsed": 13.547121, "delta": 0.540256}}
{"target": 1.8185948536513648, "params": {"a": 4.419652804055385, "c0": 0.5527458968343263, "c1": 0.7543335598147942, "x": 2.0}, "datetime": {"datetime": "2020-01-20 11:20:31", "elapsed": 14.322527, "delta": 0.775406}}
{"target": 0.42336094955908804, "params": {"a": 4.448865430407846, "c0": 0.31194422726313964, "c1": 0.700324470769133, "x": 3.0}, "datetime": {"datetime": "2020-01-20 11:20:31", "elapsed": 15.05373, "delta": 0.731203}}
{"target": 1.8185948536513648, "params": {"a": 6.340584121088565, "c0": 0.01624788940557509, "c1": 0.4909198975949872, "x": 2.0}, "datetime": {"datetime": "2020-01-20 11:20:32", "elapsed": 15.556647, "delta": 0.502917}}
{"target": 1.8185948536513648, "params": {"a": 6.758468301420767, "c0": 0.9628528214120244, "c1": 0.13965597931399132, "x": 2.0}, "datetime": {"datetime": "2020-01-20 11:20:33", "elapsed": 16.418874, "delta": 0.862227}}
{"target": 1.8185948536513648, "params": {"a": 6.234718467938739, "c0": 0.9850053687174607, "c1": 0.12177614294599559, "x": 2.0}, "datetime": {"datetime": "2020-01-20 11:20:34", "elapsed": 17.3781, "delta": 0.959226}}
{"target": 1.8185948536513648, "params": {"a": 7.157398158986848, "c0": 0.030905368974032177, "c1": 0.9651180128600292, "x": 2.0}, "datetime": {"datetime": "2020-01-20 11:20:34", "elapsed": 18.155327, "delta": 0.777227}}
{"target": 1.8185948536513648, "params": {"a": 3.7943119200655593, "c0": 0.7299916264617324, "c1": 0.10687936590371339, "x": 2.0}, "datetime": {"datetime": "2020-01-20 11:20:35", "elapsed": 18.719266, "delta": 0.563939}}
{"target": 1.8185948536513648, "params": {"a": 7.7814783974731006, "c0": 0.9359707454767054, "c1": 0.18517849997345248, "x": 2.0}, "datetime": {"datetime": "2020-01-20 11:20:36", "elapsed": 19.47651, "delta": 0.757244}}
{"target": 0.42336094955908804, "params": {"a": 7.712104067285626, "c0": 0.17802623832833697, "c1": 0.09460260288966038, "x": 3.0}, "datetime": {"datetime": "2020-01-20 11:20:37", "elapsed": 20.338581, "delta": 0.862071}}
{"target": 1.8185948536513648, "params": {"a": 4.222251765620555, "c0": 0.8832348619846894, "c1": 0.37078596139819386, "x": 2.0}, "datetime": {"datetime": "2020-01-20 11:20:37", "elapsed": 20.97205, "delta": 0.633469}}
{"target": 1.8185948536513648, "params": {"a": 3.543450741235433, "c0": 0.10311624872473524, "c1": 0.5740793619877689, "x": 2.0}, "datetime": {"datetime": "2020-01-20 11:20:38", "elapsed": 21.523654, "delta": 0.551604}}
{"target": 1.8185948536513648, "params": {"a": 2.798604295094263, "c0": 0.46823911513962335, "c1": 0.11563509055475041, "x": 2.0}, "datetime": {"datetime": "2020-01-20 11:20:38", "elapsed": 22.224921, "delta": 0.701267}}
{"target": 1.8185948536513648, "params": {"a": 7.922890150760095, "c0": 0.7420978994202334, "c1": 0.9031130133785783, "x": 2.0}, "datetime": {"datetime": "2020-01-20 11:20:39", "elapsed": 22.824184, "delta": 0.599263}}
{"target": 1.8185948536513648, "params": {"a": 5.747664614976329, "c0": 0.12667000813544027, "c1": 0.7771953729612764, "x": 2.0}, "datetime": {"datetime": "2020-01-20 11:20:40", "elapsed": 23.699294, "delta": 0.87511}}
{"target": 1.8185948536513648, "params": {"a": 2.7688666956401695, "c0": 0.17042635976196097, "c1": 0.4765756986427476, "x": 2.0}, "datetime": {"datetime": "2020-01-20 11:20:41", "elapsed": 24.7287, "delta": 1.029406}}
{"target": 1.8185948536513648, "params": {"a": 1.8998000491614564, "c0": 0.8452611935577198, "c1": 0.13591172148955133, "x": 2.0}, "datetime": {"datetime": "2020-01-20 11:20:41", "elapsed": 25.219546, "delta": 0.490846}}
{"target": 1.8185948536513648, "params": {"a": 1.003466044051331, "c0": 0.7539325419910344, "c1": 0.38489942285869005, "x": 2.0}, "datetime": {"datetime": "2020-01-20 11:20:42", "elapsed": 25.826723, "delta": 0.607177}}
{"target": 1.8185948536513648, "params": {"a": 7.359568901034787, "c0": 0.8570889907552179, "c1": 0.076471952664381, "x": 2.0}, "datetime": {"datetime": "2020-01-20 11:20:43", "elapsed": 26.61714, "delta": 0.790417}}
{"target": 1.8185948536513648, "params": {"a": 1.838773074614977, "c0": 0.186201258560717, "c1": 0.8235539244070877, "x": 2.0}, "datetime": {"datetime": "2020-01-20 11:20:44", "elapsed": 27.561971, "delta": 0.944831}}
{"target": 1.8185948536513648, "params": {"a": 1.005530485484383, "c0": 0.09087024398457255, "c1": 0.8769422496715352, "x": 2.0}, "datetime": {"datetime": "2020-01-20 11:20:44", "elapsed": 27.958631, "delta": 0.39666}}
{"target": 1.8185948536513648, "params": {"a": 8.852755195773243, "c0": 0.23427335469485433, "c1": 0.14469277116315704, "x": 2.0}, "datetime": {"datetime": "2020-01-20 11:20:45", "elapsed": 28.448928, "delta": 0.490297}}
{"target": 1.8185948536513648, "params": {"a": 8.422249696659613, "c0": 0.5930855396280621, "c1": 0.5641340349589533, "x": 2.0}, "datetime": {"datetime": "2020-01-20 11:20:45", "elapsed": 29.060346, "delta": 0.611418}}
{"target": 1.8185948536513648, "params": {"a": 9.976536599055066, "c0": 0.9848279898192429, "c1": 0.9478960740654405, "x": 2.0}, "datetime": {"datetime": "2020-01-20 11:20:46", "elapsed": 29.63365, "delta": 0.573304}}
{"target": 1.8185948536513648, "params": {"a": 9.529867143643516, "c0": 0.7426290644306077, "c1": 0.7159663887951646, "x": 2.0}, "datetime": {"datetime": "2020-01-20 11:20:46", "elapsed": 30.250541, "delta": 0.616891}}
{"target": 1.8185948536513648, "params": {"a": 8.905447178818335, "c0": 0.2821440186865364, "c1": 0.370128734215165, "x": 2.0}, "datetime": {"datetime": "2020-01-20 11:20:47", "elapsed": 30.835934, "delta": 0.585393}}
{"target": 1.8185948536513648, "params": {"a": 9.99783493929439, "c0": 0.08741829850088412, "c1": 0.5092411970698202, "x": 2.0}, "datetime": {"datetime": "2020-01-20 11:20:48", "elapsed": 31.348598, "delta": 0.512664}}
{"target": 1.8185948536513648, "params": {"a": 9.528008132331832, "c0": 0.23865817687575008, "c1": 0.5280514808082534, "x": 2.0}, "datetime": {"datetime": "2020-01-20 11:20:48", "elapsed": 32.017703, "delta": 0.669105}}
{"target": 1.8185948536513648, "params": {"a": 1.4017096357900436, "c0": 0.6269025020005846, "c1": 0.3455182395025068, "x": 2.0}, "datetime": {"datetime": "2020-01-20 11:20:49", "elapsed": 32.530734, "delta": 0.513031}}
{"target": 1.8185948536513648, "params": {"a": 1.3770098270589375, "c0": 0.09866494314152385, "c1": 0.8249725217129839, "x": 2.0}, "datetime": {"datetime": "2020-01-20 11:20:49", "elapsed": 33.176426, "delta": 0.645692}}
{"target": 0.42336094955908804, "params": {"a": 2.664418991026401, "c0": 0.8416344431749915, "c1": 0.2740628746735795, "x": 3.0}, "datetime": {"datetime": "2020-01-20 11:20:50", "elapsed": 33.647388, "delta": 0.470962}}
{"target": 1.8185948536513648, "params": {"a": 8.401916086966214, "c0": 0.05819027074777372, "c1": 0.31520960374490703, "x": 2.0}, "datetime": {"datetime": "2020-01-20 11:20:50", "elapsed": 34.12258, "delta": 0.475192}}
{"target": 1.8185948536513648, "params": {"a": 3.2730952327125586, "c0": 0.7963044866308645, "c1": 0.7078489953567869, "x": 2.0}, "datetime": {"datetime": "2020-01-20 11:20:51", "elapsed": 34.783648, "delta": 0.661068}}
{"target": 1.8185948536513648, "params": {"a": 2.327837406757517, "c0": 0.573680058255628, "c1": 0.878412257566894, "x": 2.0}, "datetime": {"datetime": "2020-01-20 11:20:52", "elapsed": 35.549341, "delta": 0.765693}}
{"target": 0.42336094955908804, "params": {"a": 6.765988087995092, "c0": 0.016317851751032064, "c1": 0.575160140036485, "x": 3.0}, "datetime": {"datetime": "2020-01-20 11:20:52", "elapsed": 36.031832, "delta": 0.482491}}
{"target": 0.42336094955908804, "params": {"a": 9.995706666806194, "c0": 0.9413470509465816, "c1": 0.17640167553194075, "x": 3.0}, "datetime": {"datetime": "2020-01-20 11:20:53", "elapsed": 36.599735, "delta": 0.567903}}
{"target": 1.8185948536513648, "params": {"a": 3.985543843690832, "c0": 0.4928965223572528, "c1": 0.5711980138953453, "x": 2.0}, "datetime": {"datetime": "2020-01-20 11:20:53", "elapsed": 37.062946, "delta": 0.463211}}
{"target": 0.42336094955908804, "params": {"a": 1.0067242140478807, "c0": 0.3724518057053088, "c1": 0.29818713116675133, "x": 3.0}, "datetime": {"datetime": "2020-01-20 11:20:54", "elapsed": 37.583915, "delta": 0.520969}}
{"target": 1.8185948536513648, "params": {"a": 2.3453822710535692, "c0": 0.9672525934114378, "c1": 0.9093025917435007, "x": 2.0}, "datetime": {"datetime": "2020-01-20 11:20:54", "elapsed": 38.130876, "delta": 0.546961}}
{"target": 1.8185948536513648, "params": {"a": 6.750776197495932, "c0": 0.2823625567974368, "c1": 0.8320828900052463, "x": 2.0}, "datetime": {"datetime": "2020-01-20 11:20:55", "elapsed": 38.620376, "delta": 0.4895}}
{"target": 1.8185948536513648, "params": {"a": 5.8626780251125, "c0": 0.8656427829635717, "c1": 0.18812686268746437, "x": 2.0}, "datetime": {"datetime": "2020-01-20 11:20:55", "elapsed": 39.170608, "delta": 0.550232}}
{"target": 1.8185948536513648, "params": {"a": 3.156160486328698, "c0": 0.07045294641737743, "c1": 0.6568486953128826, "x": 2.0}, "datetime": {"datetime": "2020-01-20 11:20:56", "elapsed": 39.654928, "delta": 0.48432}}
{"target": 0.42336094955908804, "params": {"a": 8.470441218131185, "c0": 0.6065446318098702, "c1": 0.9829511668051728, "x": 3.0}, "datetime": {"datetime": "2020-01-20 11:20:56", "elapsed": 40.143679, "delta": 0.488751}}
{"target": 0.42336094955908804, "params": {"a": 2.742684656062946, "c0": 0.726008819568792, "c1": 0.943841942597659, "x": 3.0}, "datetime": {"datetime": "2020-01-20 11:20:57", "elapsed": 40.688312, "delta": 0.544633}}
{"target": 1.8185948536513648, "params": {"a": 7.547453358946819, "c0": 0.40138180694342573, "c1": 0.971823248330365, "x": 2.0}, "datetime": {"datetime": "2020-01-20 11:20:57", "elapsed": 41.216905, "delta": 0.528593}}
{"target": 0.42336094955908804, "params": {"a": 4.043732753747956, "c0": 0.36087876841143185, "c1": 0.009118346049746817, "x": 3.0}, "datetime": {"datetime": "2020-01-20 11:20:58", "elapsed": 41.875243, "delta": 0.658338}}
{"target": 1.8185948536513648, "params": {"a": 4.7784153011485735, "c0": 0.24054018153610268, "c1": 0.9498885304133493, "x": 2.0}, "datetime": {"datetime": "2020-01-20 11:20:59", "elapsed": 42.379904, "delta": 0.504661}}
{"target": 1.8185948536513648, "params": {"a": 9.197745576437057, "c0": 0.6230963536137065, "c1": 0.260364222601454, "x": 2.0}, "datetime": {"datetime": "2020-01-20 11:20:59", "elapsed": 42.939024, "delta": 0.55912}}
{"target": 1.8185948536513648, "params": {"a": 5.142282565006189, "c0": 0.9015127102423112, "c1": 0.51366222122038, "x": 2.0}, "datetime": {"datetime": "2020-01-20 11:21:00", "elapsed": 43.510412, "delta": 0.571388}}
{"target": 1.8185948536513648, "params": {"a": 9.215685212691898, "c0": 0.46460009980362915, "c1": 0.7263952426789925, "x": 2.0}, "datetime": {"datetime": "2020-01-20 11:21:00", "elapsed": 44.054206, "delta": 0.543794}}
{"target": 0.42336094955908804, "params": {"a": 8.902628759984655, "c0": 0.2861765875767044, "c1": 0.019458805874593366, "x": 3.0}, "datetime": {"datetime": "2020-01-20 11:21:01", "elapsed": 44.60027, "delta": 0.546064}}
{"target": -2.8348071390822773, "params": {"a": 5.600892211933969, "c0": 0.18491300672291056, "c1": 0.5145004004582436, "x": 4.0}, "datetime": {"datetime": "2020-01-20 11:21:01", "elapsed": 45.167942, "delta": 0.567672}}
{"target": 0.42336094955908804, "params": {"a": 1.0035397561473611, "c0": 0.602120743099736, "c1": 0.849192105346525, "x": 3.0}, "datetime": {"datetime": "2020-01-20 11:21:02", "elapsed": 45.631717, "delta": 0.463775}}
{"target": 1.8185948536513648, "params": {"a": 8.102628229524484, "c0": 0.6742570553513683, "c1": 0.33856089261795586, "x": 2.0}, "datetime": {"datetime": "2020-01-20 11:21:02", "elapsed": 46.197758, "delta": 0.566041}}
{"target": 0.42336094955908804, "params": {"a": 9.997799108458247, "c0": 0.7877685197795176, "c1": 0.9679466041277894, "x": 3.0}, "datetime": {"datetime": "2020-01-20 11:21:03", "elapsed": 46.718821, "delta": 0.521063}}
{"target": 1.8185948536513648, "params": {"a": 5.4498453087150205, "c0": 0.13299640469032736, "c1": 0.8355944918575868, "x": 2.0}, "datetime": {"datetime": "2020-01-20 11:21:03", "elapsed": 47.234196, "delta": 0.515375}}
{"target": 1.8185948536513648, "params": {"a": 7.056214998852108, "c0": 0.9861412666789174, "c1": 0.28329185548401403, "x": 2.0}, "datetime": {"datetime": "2020-01-20 11:21:04", "elapsed": 47.790551, "delta": 0.556355}}
{"target": 0.42336094955908804, "params": {"a": 6.589839934915624, "c0": 0.8880190217832814, "c1": 0.8526677177769568, "x": 3.0}, "datetime": {"datetime": "2020-01-20 11:21:05", "elapsed": 48.44162, "delta": 0.651069}}
{"target": 1.8185948536513648, "params": {"a": 4.509381661435771, "c0": 0.6904961435997414, "c1": 0.21691543222873866, "x": 2.0}, "datetime": {"datetime": "2020-01-20 11:21:05", "elapsed": 48.940164, "delta": 0.498544}}
{"target": 1.8185948536513648, "params": {"a": 9.798346133512272, "c0": 0.3184589999505799, "c1": 0.6066559641519318, "x": 2.0}, "datetime": {"datetime": "2020-01-20 11:21:06", "elapsed": 49.501078, "delta": 0.560914}}
{"target": 0.42336094955908804, "params": {"a": 5.612530440075748, "c0": 0.42072440945626854, "c1": 0.9972075279246764, "x": 3.0}, "datetime": {"datetime": "2020-01-20 11:21:06", "elapsed": 50.00058, "delta": 0.499502}}
{"target": 1.8185948536513648, "params": {"a": 6.0603545934285385, "c0": 0.34093590121193673, "c1": 0.6742525476411537, "x": 2.0}, "datetime": {"datetime": "2020-01-20 11:21:07", "elapsed": 50.51897, "delta": 0.51839}}
{"target": -2.8348071390822773, "params": {"a": 3.3348553027727963, "c0": 0.7972870036525844, "c1": 0.08348999244774147, "x": 4.0}, "datetime": {"datetime": "2020-01-20 11:21:07", "elapsed": 51.092428, "delta": 0.573458}}
{"target": 1.8185948536513648, "params": {"a": 9.784697998443828, "c0": 0.39689503529742387, "c1": 0.2008698688633035, "x": 2.0}, "datetime": {"datetime": "2020-01-20 11:21:08", "elapsed": 51.674059, "delta": 0.581631}}
{"target": -2.8348071390822773, "params": {"a": 7.858559983339345, "c0": 0.6232472487321828, "c1": 0.0512125655352802, "x": 4.0}, "datetime": {"datetime": "2020-01-20 11:21:08", "elapsed": 52.248909, "delta": 0.57485}}
{"target": 1.8185948536513648, "params": {"a": 3.5294891736042464, "c0": 0.33352284290228285, "c1": 0.05920899899142362, "x": 2.0}, "datetime": {"datetime": "2020-01-20 11:21:09", "elapsed": 52.848982, "delta": 0.600073}}
{"target": 0.42336094955908804, "params": {"a": 1.8290044710175004, "c0": 0.41817614823170346, "c1": 0.47679106639868063, "x": 3.0}, "datetime": {"datetime": "2020-01-20 11:21:10", "elapsed": 53.473036, "delta": 0.624054}}
{"target": 1.8185948536513648, "params": {"a": 1.1777124247493234, "c0": 0.9717645898089589, "c1": 0.21920790431373194, "x": 2.0}, "datetime": {"datetime": "2020-01-20 11:21:10", "elapsed": 54.011516, "delta": 0.53848}}
{"target": 1.8185948536513648, "params": {"a": 2.075115128227927, "c0": 0.06333868827805356, "c1": 0.7266229895504742, "x": 2.0}, "datetime": {"datetime": "2020-01-20 11:21:11", "elapsed": 54.724744, "delta": 0.713228}}
{"target": 1.8185948536513648, "params": {"a": 6.494105256002612, "c0": 0.8356189180053955, "c1": 0.7441059249919866, "x": 2.0}, "datetime": {"datetime": "2020-01-20 11:21:12", "elapsed": 55.38978, "delta": 0.665036}}
{"target": -2.8348071390822773, "params": {"a": 1.0004658783023999, "c0": 0.5008979515207594, "c1": 0.21198563370954127, "x": 4.0}, "datetime": {"datetime": "2020-01-20 11:21:12", "elapsed": 55.893418, "delta": 0.503638}}
{"target": 1.8185948536513648, "params": {"a": 8.645778848097219, "c0": 0.2873170047918535, "c1": 0.2915398503836335, "x": 2.0}, "datetime": {"datetime": "2020-01-20 11:21:13", "elapsed": 56.636339, "delta": 0.742921}}
{"target": 0.8414709848078965, "params": {"a": 8.178450234590251, "c0": 0.5037093836611526, "c1": 0.9235594217926062, "x": 1.0}, "datetime": {"datetime": "2020-01-20 11:21:13", "elapsed": 57.258203, "delta": 0.621864}}
{"target": -2.8348071390822773, "params": {"a": 9.983427967349188, "c0": 0.8745194934373649, "c1": 0.28969686923187843, "x": 4.0}, "datetime": {"datetime": "2020-01-20 11:21:14", "elapsed": 57.841235, "delta": 0.583032}}
{"target": 1.8185948536513648, "params": {"a": 1.6556976825410763, "c0": 0.7286106644385539, "c1": 0.6494900892832477, "x": 2.0}, "datetime": {"datetime": "2020-01-20 11:21:15", "elapsed": 58.538025, "delta": 0.69679}}
{"target": 0.42336094955908804, "params": {"a": 1.7917857622447846, "c0": 0.9689776304067642, "c1": 0.39061480303067486, "x": 3.0}, "datetime": {"datetime": "2020-01-20 11:21:16", "elapsed": 59.345731, "delta": 0.807706}}
