{"target": 1.8185948536513648, "params": {"a": 1.1745189762539063, "c0": 0.33777117567936155, "c1": 0.8042471958410803, "x": 2.0}, "datetime": {"datetime": "2020-01-20 11:21:16", "elapsed": 60.204129, "delta": 0.858398}}
